ARM GAS  /tmp/ccwODz2A.s 			page 1


   1              		.cpu cortex-m4
   2              		.eabi_attribute 27, 1
   3              		.eabi_attribute 28, 1
   4              		.eabi_attribute 20, 1
   5              		.eabi_attribute 21, 1
   6              		.eabi_attribute 23, 3
   7              		.eabi_attribute 24, 1
   8              		.eabi_attribute 25, 1
   9              		.eabi_attribute 26, 1
  10              		.eabi_attribute 30, 1
  11              		.eabi_attribute 34, 1
  12              		.eabi_attribute 18, 4
  13              		.file	"main.c"
  14              		.text
  15              	.Ltext0:
  16              		.cfi_sections	.debug_frame
  17              		.section	.text.MX_GPIO_Init,"ax",%progbits
  18              		.align	1
  19              		.arch armv7e-m
  20              		.syntax unified
  21              		.thumb
  22              		.thumb_func
  23              		.fpu fpv4-sp-d16
  25              	MX_GPIO_Init:
  26              	.LFB132:
  27              		.file 1 "Src/main.c"
   1:Src/main.c    **** /* USER CODE BEGIN Header */
   2:Src/main.c    **** /**
   3:Src/main.c    ****   ******************************************************************************
   4:Src/main.c    ****   * @file           : main.c
   5:Src/main.c    ****   * @brief          : Main program body
   6:Src/main.c    ****   ******************************************************************************
   7:Src/main.c    ****   * @attention
   8:Src/main.c    ****   *
   9:Src/main.c    ****   * <h2><center>&copy; Copyright (c) 2019 STMicroelectronics.
  10:Src/main.c    ****   * All rights reserved.</center></h2>
  11:Src/main.c    ****   *
  12:Src/main.c    ****   * This software component is licensed by ST under BSD 3-Clause license,
  13:Src/main.c    ****   * the "License"; You may not use this file except in compliance with the
  14:Src/main.c    ****   * License. You may obtain a copy of the License at:
  15:Src/main.c    ****   *                        opensource.org/licenses/BSD-3-Clause
  16:Src/main.c    ****   *
  17:Src/main.c    ****   ******************************************************************************
  18:Src/main.c    ****   */
  19:Src/main.c    **** /* USER CODE END Header */
  20:Src/main.c    **** 
  21:Src/main.c    **** /* Includes ------------------------------------------------------------------*/
  22:Src/main.c    **** #include "main.h"
  23:Src/main.c    **** 
  24:Src/main.c    **** /* Private includes ----------------------------------------------------------*/
  25:Src/main.c    **** /* USER CODE BEGIN Includes */
  26:Src/main.c    **** 
  27:Src/main.c    **** /* USER CODE END Includes */
  28:Src/main.c    **** 
  29:Src/main.c    **** /* Private typedef -----------------------------------------------------------*/
  30:Src/main.c    **** /* USER CODE BEGIN PTD */
  31:Src/main.c    **** 
ARM GAS  /tmp/ccwODz2A.s 			page 2


  32:Src/main.c    **** /* USER CODE END PTD */
  33:Src/main.c    **** 
  34:Src/main.c    **** /* Private define ------------------------------------------------------------*/
  35:Src/main.c    **** /* USER CODE BEGIN PD */
  36:Src/main.c    **** 
  37:Src/main.c    **** /* USER CODE END PD */
  38:Src/main.c    **** 
  39:Src/main.c    **** /* Private macro -------------------------------------------------------------*/
  40:Src/main.c    **** /* USER CODE BEGIN PM */
  41:Src/main.c    **** 
  42:Src/main.c    **** /* USER CODE END PM */
  43:Src/main.c    **** 
  44:Src/main.c    **** /* Private variables ---------------------------------------------------------*/
  45:Src/main.c    **** 
  46:Src/main.c    **** /* USER CODE BEGIN PV */
  47:Src/main.c    **** 
  48:Src/main.c    **** /* USER CODE END PV */
  49:Src/main.c    **** 
  50:Src/main.c    **** /* Private function prototypes -----------------------------------------------*/
  51:Src/main.c    **** void SystemClock_Config(void);
  52:Src/main.c    **** static void MX_GPIO_Init(void);
  53:Src/main.c    **** /* USER CODE BEGIN PFP */
  54:Src/main.c    **** 
  55:Src/main.c    **** /* USER CODE END PFP */
  56:Src/main.c    **** 
  57:Src/main.c    **** /* Private user code ---------------------------------------------------------*/
  58:Src/main.c    **** /* USER CODE BEGIN 0 */
  59:Src/main.c    **** 
  60:Src/main.c    **** /* USER CODE END 0 */
  61:Src/main.c    **** 
  62:Src/main.c    **** /**
  63:Src/main.c    ****   * @brief  The application entry point.
  64:Src/main.c    ****   * @retval int
  65:Src/main.c    ****   */
  66:Src/main.c    **** int main(void)
  67:Src/main.c    **** {
  68:Src/main.c    ****   /* USER CODE BEGIN 1 */
  69:Src/main.c    **** 
  70:Src/main.c    ****   /* USER CODE END 1 */
  71:Src/main.c    **** 
  72:Src/main.c    **** 
  73:Src/main.c    ****   /* MCU Configuration--------------------------------------------------------*/
  74:Src/main.c    **** 
  75:Src/main.c    ****   /* Reset of all peripherals, Initializes the Flash interface and the Systick. */
  76:Src/main.c    ****   HAL_Init();
  77:Src/main.c    **** 
  78:Src/main.c    ****   /* USER CODE BEGIN Init */
  79:Src/main.c    **** 
  80:Src/main.c    ****   /* USER CODE END Init */
  81:Src/main.c    **** 
  82:Src/main.c    ****   /* Configure the system clock */
  83:Src/main.c    ****   SystemClock_Config();
  84:Src/main.c    **** 
  85:Src/main.c    ****   /* USER CODE BEGIN SysInit */
  86:Src/main.c    **** 
  87:Src/main.c    ****   /* USER CODE END SysInit */
  88:Src/main.c    **** 
ARM GAS  /tmp/ccwODz2A.s 			page 3


  89:Src/main.c    ****   /* Initialize all configured peripherals */
  90:Src/main.c    ****   MX_GPIO_Init();
  91:Src/main.c    ****   /* USER CODE BEGIN 2 */
  92:Src/main.c    **** 
  93:Src/main.c    ****   /* USER CODE END 2 */
  94:Src/main.c    **** 
  95:Src/main.c    ****   /* Infinite loop */
  96:Src/main.c    ****   /* USER CODE BEGIN WHILE */
  97:Src/main.c    ****   while (1)
  98:Src/main.c    ****   {
  99:Src/main.c    ****     /* USER CODE END WHILE */
 100:Src/main.c    ****     if(HAL_GPIO_ReadPin(GPIOC, GPIO_PIN_13) == GPIO_PIN_SET){
 101:Src/main.c    ****       HAL_GPIO_WritePin(GPIOA, GPIO_PIN_5, GPIO_PIN_RESET);
 102:Src/main.c    ****     }else{
 103:Src/main.c    ****       HAL_GPIO_WritePin(GPIOA, GPIO_PIN_5, GPIO_PIN_SET);
 104:Src/main.c    ****       for(int i = 0; i < 3; i++){
 105:Src/main.c    ****           HAL_GPIO_WritePin(GPIOA, GPIO_PIN_5, GPIO_PIN_RESET);
 106:Src/main.c    ****           HAL_Delay(250);
 107:Src/main.c    ****           HAL_GPIO_WritePin(GPIOA, GPIO_PIN_5, GPIO_PIN_SET);
 108:Src/main.c    ****           HAL_Delay(250);
 109:Src/main.c    ****       }
 110:Src/main.c    ****       HAL_GPIO_WritePin(GPIOA, GPIO_PIN_5, GPIO_PIN_RESET);
 111:Src/main.c    **** 
 112:Src/main.c    ****     }
 113:Src/main.c    ****     /* USER CODE BEGIN 3 */
 114:Src/main.c    ****   }
 115:Src/main.c    ****   /* USER CODE END 3 */
 116:Src/main.c    **** }
 117:Src/main.c    **** 
 118:Src/main.c    **** /**
 119:Src/main.c    ****   * @brief System Clock Configuration
 120:Src/main.c    ****   * @retval None
 121:Src/main.c    ****   */
 122:Src/main.c    **** void SystemClock_Config(void)
 123:Src/main.c    **** {
 124:Src/main.c    ****   RCC_OscInitTypeDef RCC_OscInitStruct = {0};
 125:Src/main.c    ****   RCC_ClkInitTypeDef RCC_ClkInitStruct = {0};
 126:Src/main.c    **** 
 127:Src/main.c    ****   /** Configure the main internal regulator output voltage
 128:Src/main.c    ****   */
 129:Src/main.c    ****   __HAL_RCC_PWR_CLK_ENABLE();
 130:Src/main.c    ****   __HAL_PWR_VOLTAGESCALING_CONFIG(PWR_REGULATOR_VOLTAGE_SCALE2);
 131:Src/main.c    ****   /** Initializes the CPU, AHB and APB busses clocks
 132:Src/main.c    ****   */
 133:Src/main.c    ****   RCC_OscInitStruct.OscillatorType = RCC_OSCILLATORTYPE_HSI;
 134:Src/main.c    ****   RCC_OscInitStruct.HSIState = RCC_HSI_ON;
 135:Src/main.c    ****   RCC_OscInitStruct.HSICalibrationValue = RCC_HSICALIBRATION_DEFAULT;
 136:Src/main.c    ****   RCC_OscInitStruct.PLL.PLLState = RCC_PLL_ON;
 137:Src/main.c    ****   RCC_OscInitStruct.PLL.PLLSource = RCC_PLLSOURCE_HSI;
 138:Src/main.c    ****   RCC_OscInitStruct.PLL.PLLM = 8;
 139:Src/main.c    ****   RCC_OscInitStruct.PLL.PLLN = 72;
 140:Src/main.c    ****   RCC_OscInitStruct.PLL.PLLP = RCC_PLLP_DIV2;
 141:Src/main.c    ****   RCC_OscInitStruct.PLL.PLLQ = 7;
 142:Src/main.c    ****   if (HAL_RCC_OscConfig(&RCC_OscInitStruct) != HAL_OK)
 143:Src/main.c    ****   {
 144:Src/main.c    ****     Error_Handler();
 145:Src/main.c    ****   }
ARM GAS  /tmp/ccwODz2A.s 			page 4


 146:Src/main.c    ****   /** Initializes the CPU, AHB and APB busses clocks
 147:Src/main.c    ****   */
 148:Src/main.c    ****   RCC_ClkInitStruct.ClockType = RCC_CLOCKTYPE_HCLK|RCC_CLOCKTYPE_SYSCLK
 149:Src/main.c    ****                               |RCC_CLOCKTYPE_PCLK1|RCC_CLOCKTYPE_PCLK2;
 150:Src/main.c    ****   RCC_ClkInitStruct.SYSCLKSource = RCC_SYSCLKSOURCE_PLLCLK;
 151:Src/main.c    ****   RCC_ClkInitStruct.AHBCLKDivider = RCC_SYSCLK_DIV4;
 152:Src/main.c    ****   RCC_ClkInitStruct.APB1CLKDivider = RCC_HCLK_DIV2;
 153:Src/main.c    ****   RCC_ClkInitStruct.APB2CLKDivider = RCC_HCLK_DIV1;
 154:Src/main.c    **** 
 155:Src/main.c    ****   if (HAL_RCC_ClockConfig(&RCC_ClkInitStruct, FLASH_LATENCY_0) != HAL_OK)
 156:Src/main.c    ****   {
 157:Src/main.c    ****     Error_Handler();
 158:Src/main.c    ****   }
 159:Src/main.c    **** }
 160:Src/main.c    **** 
 161:Src/main.c    **** /**
 162:Src/main.c    ****   * @brief GPIO Initialization Function
 163:Src/main.c    ****   * @param None
 164:Src/main.c    ****   * @retval None
 165:Src/main.c    ****   */
 166:Src/main.c    **** static void MX_GPIO_Init(void)
 167:Src/main.c    **** {
  28              		.loc 1 167 1 view -0
  29              		.cfi_startproc
  30              		@ args = 0, pretend = 0, frame = 32
  31              		@ frame_needed = 0, uses_anonymous_args = 0
  32 0000 30B5     		push	{r4, r5, lr}
  33              	.LCFI0:
  34              		.cfi_def_cfa_offset 12
  35              		.cfi_offset 4, -12
  36              		.cfi_offset 5, -8
  37              		.cfi_offset 14, -4
  38 0002 89B0     		sub	sp, sp, #36
  39              	.LCFI1:
  40              		.cfi_def_cfa_offset 48
 168:Src/main.c    ****   GPIO_InitTypeDef GPIO_InitStruct = {0};
  41              		.loc 1 168 3 view .LVU1
  42              		.loc 1 168 20 is_stmt 0 view .LVU2
  43 0004 0024     		movs	r4, #0
  44 0006 0394     		str	r4, [sp, #12]
  45 0008 0494     		str	r4, [sp, #16]
  46 000a 0594     		str	r4, [sp, #20]
  47 000c 0694     		str	r4, [sp, #24]
  48 000e 0794     		str	r4, [sp, #28]
 169:Src/main.c    **** 
 170:Src/main.c    ****   /* GPIO Ports Clock Enable */
 171:Src/main.c    ****   __HAL_RCC_GPIOC_CLK_ENABLE();
  49              		.loc 1 171 3 is_stmt 1 view .LVU3
  50              	.LBB2:
  51              		.loc 1 171 3 view .LVU4
  52 0010 0194     		str	r4, [sp, #4]
  53              		.loc 1 171 3 view .LVU5
  54 0012 174B     		ldr	r3, .L3
  55 0014 1A6B     		ldr	r2, [r3, #48]
  56 0016 42F00402 		orr	r2, r2, #4
  57 001a 1A63     		str	r2, [r3, #48]
  58              		.loc 1 171 3 view .LVU6
ARM GAS  /tmp/ccwODz2A.s 			page 5


  59 001c 1A6B     		ldr	r2, [r3, #48]
  60 001e 02F00402 		and	r2, r2, #4
  61 0022 0192     		str	r2, [sp, #4]
  62              		.loc 1 171 3 view .LVU7
  63 0024 019A     		ldr	r2, [sp, #4]
  64              	.LBE2:
 172:Src/main.c    ****   __HAL_RCC_GPIOA_CLK_ENABLE();
  65              		.loc 1 172 3 view .LVU8
  66              	.LBB3:
  67              		.loc 1 172 3 view .LVU9
  68 0026 0294     		str	r4, [sp, #8]
  69              		.loc 1 172 3 view .LVU10
  70 0028 1A6B     		ldr	r2, [r3, #48]
  71 002a 42F00102 		orr	r2, r2, #1
  72 002e 1A63     		str	r2, [r3, #48]
  73              		.loc 1 172 3 view .LVU11
  74 0030 1B6B     		ldr	r3, [r3, #48]
  75 0032 03F00103 		and	r3, r3, #1
  76 0036 0293     		str	r3, [sp, #8]
  77              		.loc 1 172 3 view .LVU12
  78 0038 029B     		ldr	r3, [sp, #8]
  79              	.LBE3:
 173:Src/main.c    **** 
 174:Src/main.c    ****   /*Configure GPIO pin Output Level */
 175:Src/main.c    ****   HAL_GPIO_WritePin(GPIOA, GPIO_PIN_5, GPIO_PIN_RESET);
  80              		.loc 1 175 3 view .LVU13
  81 003a 0E4D     		ldr	r5, .L3+4
  82 003c 2246     		mov	r2, r4
  83 003e 2021     		movs	r1, #32
  84 0040 2846     		mov	r0, r5
  85 0042 FFF7FEFF 		bl	HAL_GPIO_WritePin
  86              	.LVL0:
 176:Src/main.c    **** 
 177:Src/main.c    ****   /*Configure GPIO pin : PC13 */
 178:Src/main.c    ****   GPIO_InitStruct.Pin = GPIO_PIN_13;
  87              		.loc 1 178 3 view .LVU14
  88              		.loc 1 178 23 is_stmt 0 view .LVU15
  89 0046 4FF40053 		mov	r3, #8192
  90 004a 0393     		str	r3, [sp, #12]
 179:Src/main.c    ****   GPIO_InitStruct.Mode = GPIO_MODE_INPUT;
  91              		.loc 1 179 3 is_stmt 1 view .LVU16
  92              		.loc 1 179 24 is_stmt 0 view .LVU17
  93 004c 0494     		str	r4, [sp, #16]
 180:Src/main.c    ****   GPIO_InitStruct.Pull = GPIO_NOPULL;
  94              		.loc 1 180 3 is_stmt 1 view .LVU18
  95              		.loc 1 180 24 is_stmt 0 view .LVU19
  96 004e 0594     		str	r4, [sp, #20]
 181:Src/main.c    ****   HAL_GPIO_Init(GPIOC, &GPIO_InitStruct);
  97              		.loc 1 181 3 is_stmt 1 view .LVU20
  98 0050 03A9     		add	r1, sp, #12
  99 0052 0948     		ldr	r0, .L3+8
 100 0054 FFF7FEFF 		bl	HAL_GPIO_Init
 101              	.LVL1:
 182:Src/main.c    **** 
 183:Src/main.c    ****   /*Configure GPIO pin : PA5 */
 184:Src/main.c    ****   GPIO_InitStruct.Pin = GPIO_PIN_5;
 102              		.loc 1 184 3 view .LVU21
ARM GAS  /tmp/ccwODz2A.s 			page 6


 103              		.loc 1 184 23 is_stmt 0 view .LVU22
 104 0058 2023     		movs	r3, #32
 105 005a 0393     		str	r3, [sp, #12]
 185:Src/main.c    ****   GPIO_InitStruct.Mode = GPIO_MODE_OUTPUT_PP;
 106              		.loc 1 185 3 is_stmt 1 view .LVU23
 107              		.loc 1 185 24 is_stmt 0 view .LVU24
 108 005c 0123     		movs	r3, #1
 109 005e 0493     		str	r3, [sp, #16]
 186:Src/main.c    ****   GPIO_InitStruct.Pull = GPIO_NOPULL;
 110              		.loc 1 186 3 is_stmt 1 view .LVU25
 111              		.loc 1 186 24 is_stmt 0 view .LVU26
 112 0060 0594     		str	r4, [sp, #20]
 187:Src/main.c    ****   GPIO_InitStruct.Speed = GPIO_SPEED_FREQ_LOW;
 113              		.loc 1 187 3 is_stmt 1 view .LVU27
 114              		.loc 1 187 25 is_stmt 0 view .LVU28
 115 0062 0694     		str	r4, [sp, #24]
 188:Src/main.c    ****   HAL_GPIO_Init(GPIOA, &GPIO_InitStruct);
 116              		.loc 1 188 3 is_stmt 1 view .LVU29
 117 0064 03A9     		add	r1, sp, #12
 118 0066 2846     		mov	r0, r5
 119 0068 FFF7FEFF 		bl	HAL_GPIO_Init
 120              	.LVL2:
 189:Src/main.c    **** 
 190:Src/main.c    **** }
 121              		.loc 1 190 1 is_stmt 0 view .LVU30
 122 006c 09B0     		add	sp, sp, #36
 123              	.LCFI2:
 124              		.cfi_def_cfa_offset 12
 125              		@ sp needed
 126 006e 30BD     		pop	{r4, r5, pc}
 127              	.L4:
 128              		.align	2
 129              	.L3:
 130 0070 00380240 		.word	1073887232
 131 0074 00000240 		.word	1073872896
 132 0078 00080240 		.word	1073874944
 133              		.cfi_endproc
 134              	.LFE132:
 136              		.section	.text.SystemClock_Config,"ax",%progbits
 137              		.align	1
 138              		.global	SystemClock_Config
 139              		.syntax unified
 140              		.thumb
 141              		.thumb_func
 142              		.fpu fpv4-sp-d16
 144              	SystemClock_Config:
 145              	.LFB131:
 123:Src/main.c    ****   RCC_OscInitTypeDef RCC_OscInitStruct = {0};
 146              		.loc 1 123 1 is_stmt 1 view -0
 147              		.cfi_startproc
 148              		@ args = 0, pretend = 0, frame = 80
 149              		@ frame_needed = 0, uses_anonymous_args = 0
 150 0000 30B5     		push	{r4, r5, lr}
 151              	.LCFI3:
 152              		.cfi_def_cfa_offset 12
 153              		.cfi_offset 4, -12
 154              		.cfi_offset 5, -8
ARM GAS  /tmp/ccwODz2A.s 			page 7


 155              		.cfi_offset 14, -4
 156 0002 95B0     		sub	sp, sp, #84
 157              	.LCFI4:
 158              		.cfi_def_cfa_offset 96
 124:Src/main.c    ****   RCC_ClkInitTypeDef RCC_ClkInitStruct = {0};
 159              		.loc 1 124 3 view .LVU32
 124:Src/main.c    ****   RCC_ClkInitTypeDef RCC_ClkInitStruct = {0};
 160              		.loc 1 124 22 is_stmt 0 view .LVU33
 161 0004 3022     		movs	r2, #48
 162 0006 0021     		movs	r1, #0
 163 0008 08A8     		add	r0, sp, #32
 164 000a FFF7FEFF 		bl	memset
 165              	.LVL3:
 125:Src/main.c    **** 
 166              		.loc 1 125 3 is_stmt 1 view .LVU34
 125:Src/main.c    **** 
 167              		.loc 1 125 22 is_stmt 0 view .LVU35
 168 000e 0024     		movs	r4, #0
 169 0010 0394     		str	r4, [sp, #12]
 170 0012 0494     		str	r4, [sp, #16]
 171 0014 0594     		str	r4, [sp, #20]
 172 0016 0694     		str	r4, [sp, #24]
 173 0018 0794     		str	r4, [sp, #28]
 129:Src/main.c    ****   __HAL_PWR_VOLTAGESCALING_CONFIG(PWR_REGULATOR_VOLTAGE_SCALE2);
 174              		.loc 1 129 3 is_stmt 1 view .LVU36
 175              	.LBB4:
 129:Src/main.c    ****   __HAL_PWR_VOLTAGESCALING_CONFIG(PWR_REGULATOR_VOLTAGE_SCALE2);
 176              		.loc 1 129 3 view .LVU37
 177 001a 0194     		str	r4, [sp, #4]
 129:Src/main.c    ****   __HAL_PWR_VOLTAGESCALING_CONFIG(PWR_REGULATOR_VOLTAGE_SCALE2);
 178              		.loc 1 129 3 view .LVU38
 179 001c 1B4B     		ldr	r3, .L7
 180 001e 1A6C     		ldr	r2, [r3, #64]
 181 0020 42F08052 		orr	r2, r2, #268435456
 182 0024 1A64     		str	r2, [r3, #64]
 129:Src/main.c    ****   __HAL_PWR_VOLTAGESCALING_CONFIG(PWR_REGULATOR_VOLTAGE_SCALE2);
 183              		.loc 1 129 3 view .LVU39
 184 0026 1B6C     		ldr	r3, [r3, #64]
 185 0028 03F08053 		and	r3, r3, #268435456
 186 002c 0193     		str	r3, [sp, #4]
 129:Src/main.c    ****   __HAL_PWR_VOLTAGESCALING_CONFIG(PWR_REGULATOR_VOLTAGE_SCALE2);
 187              		.loc 1 129 3 view .LVU40
 188 002e 019B     		ldr	r3, [sp, #4]
 189              	.LBE4:
 130:Src/main.c    ****   /** Initializes the CPU, AHB and APB busses clocks
 190              		.loc 1 130 3 view .LVU41
 191              	.LBB5:
 130:Src/main.c    ****   /** Initializes the CPU, AHB and APB busses clocks
 192              		.loc 1 130 3 view .LVU42
 193 0030 0294     		str	r4, [sp, #8]
 130:Src/main.c    ****   /** Initializes the CPU, AHB and APB busses clocks
 194              		.loc 1 130 3 view .LVU43
 195 0032 174A     		ldr	r2, .L7+4
 196 0034 1368     		ldr	r3, [r2]
 197 0036 23F44043 		bic	r3, r3, #49152
 198 003a 43F40043 		orr	r3, r3, #32768
 199 003e 1360     		str	r3, [r2]
ARM GAS  /tmp/ccwODz2A.s 			page 8


 130:Src/main.c    ****   /** Initializes the CPU, AHB and APB busses clocks
 200              		.loc 1 130 3 view .LVU44
 201 0040 1368     		ldr	r3, [r2]
 202 0042 03F44043 		and	r3, r3, #49152
 203 0046 0293     		str	r3, [sp, #8]
 130:Src/main.c    ****   /** Initializes the CPU, AHB and APB busses clocks
 204              		.loc 1 130 3 view .LVU45
 205 0048 029B     		ldr	r3, [sp, #8]
 206              	.LBE5:
 133:Src/main.c    ****   RCC_OscInitStruct.HSIState = RCC_HSI_ON;
 207              		.loc 1 133 3 view .LVU46
 133:Src/main.c    ****   RCC_OscInitStruct.HSIState = RCC_HSI_ON;
 208              		.loc 1 133 36 is_stmt 0 view .LVU47
 209 004a 0225     		movs	r5, #2
 210 004c 0895     		str	r5, [sp, #32]
 134:Src/main.c    ****   RCC_OscInitStruct.HSICalibrationValue = RCC_HSICALIBRATION_DEFAULT;
 211              		.loc 1 134 3 is_stmt 1 view .LVU48
 134:Src/main.c    ****   RCC_OscInitStruct.HSICalibrationValue = RCC_HSICALIBRATION_DEFAULT;
 212              		.loc 1 134 30 is_stmt 0 view .LVU49
 213 004e 0123     		movs	r3, #1
 214 0050 0B93     		str	r3, [sp, #44]
 135:Src/main.c    ****   RCC_OscInitStruct.PLL.PLLState = RCC_PLL_ON;
 215              		.loc 1 135 3 is_stmt 1 view .LVU50
 135:Src/main.c    ****   RCC_OscInitStruct.PLL.PLLState = RCC_PLL_ON;
 216              		.loc 1 135 41 is_stmt 0 view .LVU51
 217 0052 1023     		movs	r3, #16
 218 0054 0C93     		str	r3, [sp, #48]
 136:Src/main.c    ****   RCC_OscInitStruct.PLL.PLLSource = RCC_PLLSOURCE_HSI;
 219              		.loc 1 136 3 is_stmt 1 view .LVU52
 136:Src/main.c    ****   RCC_OscInitStruct.PLL.PLLSource = RCC_PLLSOURCE_HSI;
 220              		.loc 1 136 34 is_stmt 0 view .LVU53
 221 0056 0E95     		str	r5, [sp, #56]
 137:Src/main.c    ****   RCC_OscInitStruct.PLL.PLLM = 8;
 222              		.loc 1 137 3 is_stmt 1 view .LVU54
 137:Src/main.c    ****   RCC_OscInitStruct.PLL.PLLM = 8;
 223              		.loc 1 137 35 is_stmt 0 view .LVU55
 224 0058 0F94     		str	r4, [sp, #60]
 138:Src/main.c    ****   RCC_OscInitStruct.PLL.PLLN = 72;
 225              		.loc 1 138 3 is_stmt 1 view .LVU56
 138:Src/main.c    ****   RCC_OscInitStruct.PLL.PLLN = 72;
 226              		.loc 1 138 30 is_stmt 0 view .LVU57
 227 005a 0823     		movs	r3, #8
 228 005c 1093     		str	r3, [sp, #64]
 139:Src/main.c    ****   RCC_OscInitStruct.PLL.PLLP = RCC_PLLP_DIV2;
 229              		.loc 1 139 3 is_stmt 1 view .LVU58
 139:Src/main.c    ****   RCC_OscInitStruct.PLL.PLLP = RCC_PLLP_DIV2;
 230              		.loc 1 139 30 is_stmt 0 view .LVU59
 231 005e 4823     		movs	r3, #72
 232 0060 1193     		str	r3, [sp, #68]
 140:Src/main.c    ****   RCC_OscInitStruct.PLL.PLLQ = 7;
 233              		.loc 1 140 3 is_stmt 1 view .LVU60
 140:Src/main.c    ****   RCC_OscInitStruct.PLL.PLLQ = 7;
 234              		.loc 1 140 30 is_stmt 0 view .LVU61
 235 0062 1295     		str	r5, [sp, #72]
 141:Src/main.c    ****   if (HAL_RCC_OscConfig(&RCC_OscInitStruct) != HAL_OK)
 236              		.loc 1 141 3 is_stmt 1 view .LVU62
 141:Src/main.c    ****   if (HAL_RCC_OscConfig(&RCC_OscInitStruct) != HAL_OK)
ARM GAS  /tmp/ccwODz2A.s 			page 9


 237              		.loc 1 141 30 is_stmt 0 view .LVU63
 238 0064 0723     		movs	r3, #7
 239 0066 1393     		str	r3, [sp, #76]
 142:Src/main.c    ****   {
 240              		.loc 1 142 3 is_stmt 1 view .LVU64
 142:Src/main.c    ****   {
 241              		.loc 1 142 7 is_stmt 0 view .LVU65
 242 0068 08A8     		add	r0, sp, #32
 243 006a FFF7FEFF 		bl	HAL_RCC_OscConfig
 244              	.LVL4:
 148:Src/main.c    ****                               |RCC_CLOCKTYPE_PCLK1|RCC_CLOCKTYPE_PCLK2;
 245              		.loc 1 148 3 is_stmt 1 view .LVU66
 148:Src/main.c    ****                               |RCC_CLOCKTYPE_PCLK1|RCC_CLOCKTYPE_PCLK2;
 246              		.loc 1 148 31 is_stmt 0 view .LVU67
 247 006e 0F23     		movs	r3, #15
 248 0070 0393     		str	r3, [sp, #12]
 150:Src/main.c    ****   RCC_ClkInitStruct.AHBCLKDivider = RCC_SYSCLK_DIV4;
 249              		.loc 1 150 3 is_stmt 1 view .LVU68
 150:Src/main.c    ****   RCC_ClkInitStruct.AHBCLKDivider = RCC_SYSCLK_DIV4;
 250              		.loc 1 150 34 is_stmt 0 view .LVU69
 251 0072 0495     		str	r5, [sp, #16]
 151:Src/main.c    ****   RCC_ClkInitStruct.APB1CLKDivider = RCC_HCLK_DIV2;
 252              		.loc 1 151 3 is_stmt 1 view .LVU70
 151:Src/main.c    ****   RCC_ClkInitStruct.APB1CLKDivider = RCC_HCLK_DIV2;
 253              		.loc 1 151 35 is_stmt 0 view .LVU71
 254 0074 9023     		movs	r3, #144
 255 0076 0593     		str	r3, [sp, #20]
 152:Src/main.c    ****   RCC_ClkInitStruct.APB2CLKDivider = RCC_HCLK_DIV1;
 256              		.loc 1 152 3 is_stmt 1 view .LVU72
 152:Src/main.c    ****   RCC_ClkInitStruct.APB2CLKDivider = RCC_HCLK_DIV1;
 257              		.loc 1 152 36 is_stmt 0 view .LVU73
 258 0078 4FF48053 		mov	r3, #4096
 259 007c 0693     		str	r3, [sp, #24]
 153:Src/main.c    **** 
 260              		.loc 1 153 3 is_stmt 1 view .LVU74
 153:Src/main.c    **** 
 261              		.loc 1 153 36 is_stmt 0 view .LVU75
 262 007e 0794     		str	r4, [sp, #28]
 155:Src/main.c    ****   {
 263              		.loc 1 155 3 is_stmt 1 view .LVU76
 155:Src/main.c    ****   {
 264              		.loc 1 155 7 is_stmt 0 view .LVU77
 265 0080 2146     		mov	r1, r4
 266 0082 03A8     		add	r0, sp, #12
 267 0084 FFF7FEFF 		bl	HAL_RCC_ClockConfig
 268              	.LVL5:
 159:Src/main.c    **** 
 269              		.loc 1 159 1 view .LVU78
 270 0088 15B0     		add	sp, sp, #84
 271              	.LCFI5:
 272              		.cfi_def_cfa_offset 12
 273              		@ sp needed
 274 008a 30BD     		pop	{r4, r5, pc}
 275              	.L8:
 276              		.align	2
 277              	.L7:
 278 008c 00380240 		.word	1073887232
ARM GAS  /tmp/ccwODz2A.s 			page 10


 279 0090 00700040 		.word	1073770496
 280              		.cfi_endproc
 281              	.LFE131:
 283              		.section	.text.main,"ax",%progbits
 284              		.align	1
 285              		.global	main
 286              		.syntax unified
 287              		.thumb
 288              		.thumb_func
 289              		.fpu fpv4-sp-d16
 291              	main:
 292              	.LFB130:
  67:Src/main.c    ****   /* USER CODE BEGIN 1 */
 293              		.loc 1 67 1 is_stmt 1 view -0
 294              		.cfi_startproc
 295              		@ args = 0, pretend = 0, frame = 0
 296              		@ frame_needed = 0, uses_anonymous_args = 0
 297 0000 38B5     		push	{r3, r4, r5, lr}
 298              	.LCFI6:
 299              		.cfi_def_cfa_offset 16
 300              		.cfi_offset 3, -16
 301              		.cfi_offset 4, -12
 302              		.cfi_offset 5, -8
 303              		.cfi_offset 14, -4
  76:Src/main.c    **** 
 304              		.loc 1 76 3 view .LVU80
 305 0002 FFF7FEFF 		bl	HAL_Init
 306              	.LVL6:
  83:Src/main.c    **** 
 307              		.loc 1 83 3 view .LVU81
 308 0006 FFF7FEFF 		bl	SystemClock_Config
 309              	.LVL7:
  90:Src/main.c    ****   /* USER CODE BEGIN 2 */
 310              		.loc 1 90 3 view .LVU82
 311 000a FFF7FEFF 		bl	MX_GPIO_Init
 312              	.LVL8:
 313 000e 1FE0     		b	.L10
 314              	.L11:
 103:Src/main.c    ****       for(int i = 0; i < 3; i++){
 315              		.loc 1 103 7 view .LVU83
 316 0010 0122     		movs	r2, #1
 317 0012 2021     		movs	r1, #32
 318 0014 1548     		ldr	r0, .L16
 319 0016 FFF7FEFF 		bl	HAL_GPIO_WritePin
 320              	.LVL9:
 104:Src/main.c    ****           HAL_GPIO_WritePin(GPIOA, GPIO_PIN_5, GPIO_PIN_RESET);
 321              		.loc 1 104 7 view .LVU84
 322              	.LBB6:
 104:Src/main.c    ****           HAL_GPIO_WritePin(GPIOA, GPIO_PIN_5, GPIO_PIN_RESET);
 323              		.loc 1 104 11 view .LVU85
 104:Src/main.c    ****           HAL_GPIO_WritePin(GPIOA, GPIO_PIN_5, GPIO_PIN_RESET);
 324              		.loc 1 104 15 is_stmt 0 view .LVU86
 325 001a 0024     		movs	r4, #0
 104:Src/main.c    ****           HAL_GPIO_WritePin(GPIOA, GPIO_PIN_5, GPIO_PIN_RESET);
 326              		.loc 1 104 7 view .LVU87
 327 001c 11E0     		b	.L13
 328              	.LVL10:
ARM GAS  /tmp/ccwODz2A.s 			page 11


 329              	.L14:
 105:Src/main.c    ****           HAL_Delay(250);
 330              		.loc 1 105 11 is_stmt 1 discriminator 3 view .LVU88
 331 001e 134D     		ldr	r5, .L16
 332 0020 0022     		movs	r2, #0
 333 0022 2021     		movs	r1, #32
 334 0024 2846     		mov	r0, r5
 335 0026 FFF7FEFF 		bl	HAL_GPIO_WritePin
 336              	.LVL11:
 106:Src/main.c    ****           HAL_GPIO_WritePin(GPIOA, GPIO_PIN_5, GPIO_PIN_SET);
 337              		.loc 1 106 11 discriminator 3 view .LVU89
 338 002a FA20     		movs	r0, #250
 339 002c FFF7FEFF 		bl	HAL_Delay
 340              	.LVL12:
 107:Src/main.c    ****           HAL_Delay(250);
 341              		.loc 1 107 11 discriminator 3 view .LVU90
 342 0030 0122     		movs	r2, #1
 343 0032 2021     		movs	r1, #32
 344 0034 2846     		mov	r0, r5
 345 0036 FFF7FEFF 		bl	HAL_GPIO_WritePin
 346              	.LVL13:
 108:Src/main.c    ****       }
 347              		.loc 1 108 11 discriminator 3 view .LVU91
 348 003a FA20     		movs	r0, #250
 349 003c FFF7FEFF 		bl	HAL_Delay
 350              	.LVL14:
 104:Src/main.c    ****           HAL_GPIO_WritePin(GPIOA, GPIO_PIN_5, GPIO_PIN_RESET);
 351              		.loc 1 104 30 is_stmt 0 discriminator 3 view .LVU92
 352 0040 0134     		adds	r4, r4, #1
 353              	.LVL15:
 354              	.L13:
 104:Src/main.c    ****           HAL_GPIO_WritePin(GPIOA, GPIO_PIN_5, GPIO_PIN_RESET);
 355              		.loc 1 104 7 discriminator 1 view .LVU93
 356 0042 022C     		cmp	r4, #2
 357 0044 EBDD     		ble	.L14
 358              	.LBE6:
 110:Src/main.c    **** 
 359              		.loc 1 110 7 is_stmt 1 view .LVU94
 360 0046 0022     		movs	r2, #0
 361 0048 2021     		movs	r1, #32
 362 004a 0848     		ldr	r0, .L16
 363 004c FFF7FEFF 		bl	HAL_GPIO_WritePin
 364              	.LVL16:
 365              	.L10:
  97:Src/main.c    ****   {
 366              		.loc 1 97 3 view .LVU95
 100:Src/main.c    ****       HAL_GPIO_WritePin(GPIOA, GPIO_PIN_5, GPIO_PIN_RESET);
 367              		.loc 1 100 5 view .LVU96
 100:Src/main.c    ****       HAL_GPIO_WritePin(GPIOA, GPIO_PIN_5, GPIO_PIN_RESET);
 368              		.loc 1 100 8 is_stmt 0 view .LVU97
 369 0050 4FF40051 		mov	r1, #8192
 370 0054 0648     		ldr	r0, .L16+4
 371 0056 FFF7FEFF 		bl	HAL_GPIO_ReadPin
 372              	.LVL17:
 100:Src/main.c    ****       HAL_GPIO_WritePin(GPIOA, GPIO_PIN_5, GPIO_PIN_RESET);
 373              		.loc 1 100 7 view .LVU98
 374 005a 0128     		cmp	r0, #1
ARM GAS  /tmp/ccwODz2A.s 			page 12


 375 005c D8D1     		bne	.L11
 101:Src/main.c    ****     }else{
 376              		.loc 1 101 7 is_stmt 1 view .LVU99
 377 005e 0022     		movs	r2, #0
 378 0060 2021     		movs	r1, #32
 379 0062 0248     		ldr	r0, .L16
 380 0064 FFF7FEFF 		bl	HAL_GPIO_WritePin
 381              	.LVL18:
 382 0068 F2E7     		b	.L10
 383              	.L17:
 384 006a 00BF     		.align	2
 385              	.L16:
 386 006c 00000240 		.word	1073872896
 387 0070 00080240 		.word	1073874944
 388              		.cfi_endproc
 389              	.LFE130:
 391              		.section	.text.Error_Handler,"ax",%progbits
 392              		.align	1
 393              		.global	Error_Handler
 394              		.syntax unified
 395              		.thumb
 396              		.thumb_func
 397              		.fpu fpv4-sp-d16
 399              	Error_Handler:
 400              	.LFB133:
 191:Src/main.c    **** 
 192:Src/main.c    **** /* USER CODE BEGIN 4 */
 193:Src/main.c    **** 
 194:Src/main.c    **** /* USER CODE END 4 */
 195:Src/main.c    **** 
 196:Src/main.c    **** /**
 197:Src/main.c    ****   * @brief  This function is executed in case of error occurrence.
 198:Src/main.c    ****   * @retval None
 199:Src/main.c    ****   */
 200:Src/main.c    **** void Error_Handler(void)
 201:Src/main.c    **** {
 401              		.loc 1 201 1 view -0
 402              		.cfi_startproc
 403              		@ args = 0, pretend = 0, frame = 0
 404              		@ frame_needed = 0, uses_anonymous_args = 0
 405              		@ link register save eliminated.
 202:Src/main.c    ****   /* USER CODE BEGIN Error_Handler_Debug */
 203:Src/main.c    ****   /* User can add his own implementation to report the HAL error return state */
 204:Src/main.c    **** 
 205:Src/main.c    ****   /* USER CODE END Error_Handler_Debug */
 206:Src/main.c    **** }
 406              		.loc 1 206 1 view .LVU101
 407 0000 7047     		bx	lr
 408              		.cfi_endproc
 409              	.LFE133:
 411              		.text
 412              	.Letext0:
 413              		.file 2 "/usr/arm-none-eabi/include/machine/_default_types.h"
 414              		.file 3 "/usr/arm-none-eabi/include/sys/_stdint.h"
 415              		.file 4 "Drivers/CMSIS/Include/core_cm4.h"
 416              		.file 5 "Drivers/CMSIS/Device/ST/STM32F4xx/Include/system_stm32f4xx.h"
 417              		.file 6 "Drivers/CMSIS/Device/ST/STM32F4xx/Include/stm32f401xe.h"
ARM GAS  /tmp/ccwODz2A.s 			page 13


 418              		.file 7 "Drivers/STM32F4xx_HAL_Driver/Inc/stm32f4xx_hal_rcc_ex.h"
 419              		.file 8 "Drivers/STM32F4xx_HAL_Driver/Inc/stm32f4xx_hal_rcc.h"
 420              		.file 9 "Drivers/STM32F4xx_HAL_Driver/Inc/stm32f4xx_hal_gpio.h"
 421              		.file 10 "Drivers/STM32F4xx_HAL_Driver/Inc/stm32f4xx_hal_def.h"
 422              		.file 11 "Drivers/STM32F4xx_HAL_Driver/Inc/stm32f4xx_hal.h"
 423              		.file 12 "<built-in>"
ARM GAS  /tmp/ccwODz2A.s 			page 14


DEFINED SYMBOLS
                            *ABS*:0000000000000000 main.c
     /tmp/ccwODz2A.s:18     .text.MX_GPIO_Init:0000000000000000 $t
     /tmp/ccwODz2A.s:25     .text.MX_GPIO_Init:0000000000000000 MX_GPIO_Init
     /tmp/ccwODz2A.s:130    .text.MX_GPIO_Init:0000000000000070 $d
     /tmp/ccwODz2A.s:137    .text.SystemClock_Config:0000000000000000 $t
     /tmp/ccwODz2A.s:144    .text.SystemClock_Config:0000000000000000 SystemClock_Config
     /tmp/ccwODz2A.s:278    .text.SystemClock_Config:000000000000008c $d
     /tmp/ccwODz2A.s:284    .text.main:0000000000000000 $t
     /tmp/ccwODz2A.s:291    .text.main:0000000000000000 main
     /tmp/ccwODz2A.s:386    .text.main:000000000000006c $d
     /tmp/ccwODz2A.s:392    .text.Error_Handler:0000000000000000 $t
     /tmp/ccwODz2A.s:399    .text.Error_Handler:0000000000000000 Error_Handler

UNDEFINED SYMBOLS
HAL_GPIO_WritePin
HAL_GPIO_Init
memset
HAL_RCC_OscConfig
HAL_RCC_ClockConfig
HAL_Init
HAL_Delay
HAL_GPIO_ReadPin
