ARM GAS  /tmp/ccwdDaov.s 			page 1


   1              		.cpu cortex-m4
   2              		.eabi_attribute 27, 1
   3              		.eabi_attribute 28, 1
   4              		.eabi_attribute 20, 1
   5              		.eabi_attribute 21, 1
   6              		.eabi_attribute 23, 3
   7              		.eabi_attribute 24, 1
   8              		.eabi_attribute 25, 1
   9              		.eabi_attribute 26, 1
  10              		.eabi_attribute 30, 1
  11              		.eabi_attribute 34, 1
  12              		.eabi_attribute 18, 4
  13              		.file	"stm32f4xx_hal_msp.c"
  14              		.text
  15              	.Ltext0:
  16              		.cfi_sections	.debug_frame
  17              		.section	.text.HAL_MspInit,"ax",%progbits
  18              		.align	1
  19              		.global	HAL_MspInit
  20              		.arch armv7e-m
  21              		.syntax unified
  22              		.thumb
  23              		.thumb_func
  24              		.fpu fpv4-sp-d16
  26              	HAL_MspInit:
  27              	.LFB130:
  28              		.file 1 "Src/stm32f4xx_hal_msp.c"
   1:Src/stm32f4xx_hal_msp.c **** /* USER CODE BEGIN Header */
   2:Src/stm32f4xx_hal_msp.c **** /**
   3:Src/stm32f4xx_hal_msp.c ****   ******************************************************************************
   4:Src/stm32f4xx_hal_msp.c ****   * File Name          : stm32f4xx_hal_msp.c
   5:Src/stm32f4xx_hal_msp.c ****   * Description        : This file provides code for the MSP Initialization 
   6:Src/stm32f4xx_hal_msp.c ****   *                      and de-Initialization codes.
   7:Src/stm32f4xx_hal_msp.c ****   ******************************************************************************
   8:Src/stm32f4xx_hal_msp.c ****   * @attention
   9:Src/stm32f4xx_hal_msp.c ****   *
  10:Src/stm32f4xx_hal_msp.c ****   * <h2><center>&copy; Copyright (c) 2019 STMicroelectronics.
  11:Src/stm32f4xx_hal_msp.c ****   * All rights reserved.</center></h2>
  12:Src/stm32f4xx_hal_msp.c ****   *
  13:Src/stm32f4xx_hal_msp.c ****   * This software component is licensed by ST under BSD 3-Clause license,
  14:Src/stm32f4xx_hal_msp.c ****   * the "License"; You may not use this file except in compliance with the
  15:Src/stm32f4xx_hal_msp.c ****   * License. You may obtain a copy of the License at:
  16:Src/stm32f4xx_hal_msp.c ****   *                        opensource.org/licenses/BSD-3-Clause
  17:Src/stm32f4xx_hal_msp.c ****   *
  18:Src/stm32f4xx_hal_msp.c ****   ******************************************************************************
  19:Src/stm32f4xx_hal_msp.c ****   */
  20:Src/stm32f4xx_hal_msp.c **** /* USER CODE END Header */
  21:Src/stm32f4xx_hal_msp.c **** 
  22:Src/stm32f4xx_hal_msp.c **** /* Includes ------------------------------------------------------------------*/
  23:Src/stm32f4xx_hal_msp.c **** #include "main.h"
  24:Src/stm32f4xx_hal_msp.c **** /* USER CODE BEGIN Includes */
  25:Src/stm32f4xx_hal_msp.c **** 
  26:Src/stm32f4xx_hal_msp.c **** /* USER CODE END Includes */
  27:Src/stm32f4xx_hal_msp.c **** 
  28:Src/stm32f4xx_hal_msp.c **** /* Private typedef -----------------------------------------------------------*/
  29:Src/stm32f4xx_hal_msp.c **** /* USER CODE BEGIN TD */
  30:Src/stm32f4xx_hal_msp.c **** 
ARM GAS  /tmp/ccwdDaov.s 			page 2


  31:Src/stm32f4xx_hal_msp.c **** /* USER CODE END TD */
  32:Src/stm32f4xx_hal_msp.c **** 
  33:Src/stm32f4xx_hal_msp.c **** /* Private define ------------------------------------------------------------*/
  34:Src/stm32f4xx_hal_msp.c **** /* USER CODE BEGIN Define */
  35:Src/stm32f4xx_hal_msp.c ****  
  36:Src/stm32f4xx_hal_msp.c **** /* USER CODE END Define */
  37:Src/stm32f4xx_hal_msp.c **** 
  38:Src/stm32f4xx_hal_msp.c **** /* Private macro -------------------------------------------------------------*/
  39:Src/stm32f4xx_hal_msp.c **** /* USER CODE BEGIN Macro */
  40:Src/stm32f4xx_hal_msp.c **** 
  41:Src/stm32f4xx_hal_msp.c **** /* USER CODE END Macro */
  42:Src/stm32f4xx_hal_msp.c **** 
  43:Src/stm32f4xx_hal_msp.c **** /* Private variables ---------------------------------------------------------*/
  44:Src/stm32f4xx_hal_msp.c **** /* USER CODE BEGIN PV */
  45:Src/stm32f4xx_hal_msp.c **** 
  46:Src/stm32f4xx_hal_msp.c **** /* USER CODE END PV */
  47:Src/stm32f4xx_hal_msp.c **** 
  48:Src/stm32f4xx_hal_msp.c **** /* Private function prototypes -----------------------------------------------*/
  49:Src/stm32f4xx_hal_msp.c **** /* USER CODE BEGIN PFP */
  50:Src/stm32f4xx_hal_msp.c **** 
  51:Src/stm32f4xx_hal_msp.c **** /* USER CODE END PFP */
  52:Src/stm32f4xx_hal_msp.c **** 
  53:Src/stm32f4xx_hal_msp.c **** /* External functions --------------------------------------------------------*/
  54:Src/stm32f4xx_hal_msp.c **** /* USER CODE BEGIN ExternalFunctions */
  55:Src/stm32f4xx_hal_msp.c **** 
  56:Src/stm32f4xx_hal_msp.c **** /* USER CODE END ExternalFunctions */
  57:Src/stm32f4xx_hal_msp.c **** 
  58:Src/stm32f4xx_hal_msp.c **** /* USER CODE BEGIN 0 */
  59:Src/stm32f4xx_hal_msp.c **** 
  60:Src/stm32f4xx_hal_msp.c **** /* USER CODE END 0 */
  61:Src/stm32f4xx_hal_msp.c **** /**
  62:Src/stm32f4xx_hal_msp.c ****   * Initializes the Global MSP.
  63:Src/stm32f4xx_hal_msp.c ****   */
  64:Src/stm32f4xx_hal_msp.c **** void HAL_MspInit(void)
  65:Src/stm32f4xx_hal_msp.c **** {
  29              		.loc 1 65 1 view -0
  30              		.cfi_startproc
  31              		@ args = 0, pretend = 0, frame = 8
  32              		@ frame_needed = 0, uses_anonymous_args = 0
  33 0000 00B5     		push	{lr}
  34              	.LCFI0:
  35              		.cfi_def_cfa_offset 4
  36              		.cfi_offset 14, -4
  37 0002 83B0     		sub	sp, sp, #12
  38              	.LCFI1:
  39              		.cfi_def_cfa_offset 16
  66:Src/stm32f4xx_hal_msp.c ****   /* USER CODE BEGIN MspInit 0 */
  67:Src/stm32f4xx_hal_msp.c **** 
  68:Src/stm32f4xx_hal_msp.c ****   /* USER CODE END MspInit 0 */
  69:Src/stm32f4xx_hal_msp.c **** 
  70:Src/stm32f4xx_hal_msp.c ****   __HAL_RCC_SYSCFG_CLK_ENABLE();
  40              		.loc 1 70 3 view .LVU1
  41              	.LBB2:
  42              		.loc 1 70 3 view .LVU2
  43 0004 0021     		movs	r1, #0
  44 0006 0091     		str	r1, [sp]
  45              		.loc 1 70 3 view .LVU3
ARM GAS  /tmp/ccwdDaov.s 			page 3


  46 0008 0C4B     		ldr	r3, .L3
  47 000a 5A6C     		ldr	r2, [r3, #68]
  48 000c 42F48042 		orr	r2, r2, #16384
  49 0010 5A64     		str	r2, [r3, #68]
  50              		.loc 1 70 3 view .LVU4
  51 0012 5A6C     		ldr	r2, [r3, #68]
  52 0014 02F48042 		and	r2, r2, #16384
  53 0018 0092     		str	r2, [sp]
  54              		.loc 1 70 3 view .LVU5
  55 001a 009A     		ldr	r2, [sp]
  56              	.LBE2:
  71:Src/stm32f4xx_hal_msp.c ****   __HAL_RCC_PWR_CLK_ENABLE();
  57              		.loc 1 71 3 view .LVU6
  58              	.LBB3:
  59              		.loc 1 71 3 view .LVU7
  60 001c 0191     		str	r1, [sp, #4]
  61              		.loc 1 71 3 view .LVU8
  62 001e 1A6C     		ldr	r2, [r3, #64]
  63 0020 42F08052 		orr	r2, r2, #268435456
  64 0024 1A64     		str	r2, [r3, #64]
  65              		.loc 1 71 3 view .LVU9
  66 0026 1B6C     		ldr	r3, [r3, #64]
  67 0028 03F08053 		and	r3, r3, #268435456
  68 002c 0193     		str	r3, [sp, #4]
  69              		.loc 1 71 3 view .LVU10
  70 002e 019B     		ldr	r3, [sp, #4]
  71              	.LBE3:
  72:Src/stm32f4xx_hal_msp.c **** 
  73:Src/stm32f4xx_hal_msp.c ****   HAL_NVIC_SetPriorityGrouping(NVIC_PRIORITYGROUP_0);
  72              		.loc 1 73 3 view .LVU11
  73 0030 0720     		movs	r0, #7
  74 0032 FFF7FEFF 		bl	HAL_NVIC_SetPriorityGrouping
  75              	.LVL0:
  74:Src/stm32f4xx_hal_msp.c **** 
  75:Src/stm32f4xx_hal_msp.c ****   /* System interrupt init*/
  76:Src/stm32f4xx_hal_msp.c **** 
  77:Src/stm32f4xx_hal_msp.c ****   /* USER CODE BEGIN MspInit 1 */
  78:Src/stm32f4xx_hal_msp.c **** 
  79:Src/stm32f4xx_hal_msp.c ****   /* USER CODE END MspInit 1 */
  80:Src/stm32f4xx_hal_msp.c **** }
  76              		.loc 1 80 1 is_stmt 0 view .LVU12
  77 0036 03B0     		add	sp, sp, #12
  78              	.LCFI2:
  79              		.cfi_def_cfa_offset 4
  80              		@ sp needed
  81 0038 5DF804FB 		ldr	pc, [sp], #4
  82              	.L4:
  83              		.align	2
  84              	.L3:
  85 003c 00380240 		.word	1073887232
  86              		.cfi_endproc
  87              	.LFE130:
  89              		.section	.text.HAL_UART_MspInit,"ax",%progbits
  90              		.align	1
  91              		.global	HAL_UART_MspInit
  92              		.syntax unified
  93              		.thumb
ARM GAS  /tmp/ccwdDaov.s 			page 4


  94              		.thumb_func
  95              		.fpu fpv4-sp-d16
  97              	HAL_UART_MspInit:
  98              	.LVL1:
  99              	.LFB131:
  81:Src/stm32f4xx_hal_msp.c **** 
  82:Src/stm32f4xx_hal_msp.c **** /**
  83:Src/stm32f4xx_hal_msp.c **** * @brief UART MSP Initialization
  84:Src/stm32f4xx_hal_msp.c **** * This function configures the hardware resources used in this example
  85:Src/stm32f4xx_hal_msp.c **** * @param huart: UART handle pointer
  86:Src/stm32f4xx_hal_msp.c **** * @retval None
  87:Src/stm32f4xx_hal_msp.c **** */
  88:Src/stm32f4xx_hal_msp.c **** void HAL_UART_MspInit(UART_HandleTypeDef* huart)
  89:Src/stm32f4xx_hal_msp.c **** {
 100              		.loc 1 89 1 is_stmt 1 view -0
 101              		.cfi_startproc
 102              		@ args = 0, pretend = 0, frame = 32
 103              		@ frame_needed = 0, uses_anonymous_args = 0
 104              		.loc 1 89 1 is_stmt 0 view .LVU14
 105 0000 00B5     		push	{lr}
 106              	.LCFI3:
 107              		.cfi_def_cfa_offset 4
 108              		.cfi_offset 14, -4
 109 0002 89B0     		sub	sp, sp, #36
 110              	.LCFI4:
 111              		.cfi_def_cfa_offset 40
  90:Src/stm32f4xx_hal_msp.c ****   GPIO_InitTypeDef GPIO_InitStruct = {0};
 112              		.loc 1 90 3 is_stmt 1 view .LVU15
 113              		.loc 1 90 20 is_stmt 0 view .LVU16
 114 0004 0023     		movs	r3, #0
 115 0006 0393     		str	r3, [sp, #12]
 116 0008 0493     		str	r3, [sp, #16]
 117 000a 0593     		str	r3, [sp, #20]
 118 000c 0693     		str	r3, [sp, #24]
 119 000e 0793     		str	r3, [sp, #28]
  91:Src/stm32f4xx_hal_msp.c ****   if(huart->Instance==USART2)
 120              		.loc 1 91 3 is_stmt 1 view .LVU17
 121              		.loc 1 91 11 is_stmt 0 view .LVU18
 122 0010 0268     		ldr	r2, [r0]
 123              		.loc 1 91 5 view .LVU19
 124 0012 144B     		ldr	r3, .L9
 125 0014 9A42     		cmp	r2, r3
 126 0016 02D0     		beq	.L8
 127              	.LVL2:
 128              	.L5:
  92:Src/stm32f4xx_hal_msp.c ****   {
  93:Src/stm32f4xx_hal_msp.c ****   /* USER CODE BEGIN USART2_MspInit 0 */
  94:Src/stm32f4xx_hal_msp.c **** 
  95:Src/stm32f4xx_hal_msp.c ****   /* USER CODE END USART2_MspInit 0 */
  96:Src/stm32f4xx_hal_msp.c ****     /* Peripheral clock enable */
  97:Src/stm32f4xx_hal_msp.c ****     __HAL_RCC_USART2_CLK_ENABLE();
  98:Src/stm32f4xx_hal_msp.c ****   
  99:Src/stm32f4xx_hal_msp.c ****     __HAL_RCC_GPIOA_CLK_ENABLE();
 100:Src/stm32f4xx_hal_msp.c ****     /**USART2 GPIO Configuration    
 101:Src/stm32f4xx_hal_msp.c ****     PA2     ------> USART2_TX
 102:Src/stm32f4xx_hal_msp.c ****     PA3     ------> USART2_RX 
 103:Src/stm32f4xx_hal_msp.c ****     */
ARM GAS  /tmp/ccwdDaov.s 			page 5


 104:Src/stm32f4xx_hal_msp.c ****     GPIO_InitStruct.Pin = USART_TX_Pin|USART_RX_Pin;
 105:Src/stm32f4xx_hal_msp.c ****     GPIO_InitStruct.Mode = GPIO_MODE_AF_PP;
 106:Src/stm32f4xx_hal_msp.c ****     GPIO_InitStruct.Pull = GPIO_NOPULL;
 107:Src/stm32f4xx_hal_msp.c ****     GPIO_InitStruct.Speed = GPIO_SPEED_FREQ_LOW;
 108:Src/stm32f4xx_hal_msp.c ****     GPIO_InitStruct.Alternate = GPIO_AF7_USART2;
 109:Src/stm32f4xx_hal_msp.c ****     HAL_GPIO_Init(GPIOA, &GPIO_InitStruct);
 110:Src/stm32f4xx_hal_msp.c **** 
 111:Src/stm32f4xx_hal_msp.c ****   /* USER CODE BEGIN USART2_MspInit 1 */
 112:Src/stm32f4xx_hal_msp.c **** 
 113:Src/stm32f4xx_hal_msp.c ****   /* USER CODE END USART2_MspInit 1 */
 114:Src/stm32f4xx_hal_msp.c ****   }
 115:Src/stm32f4xx_hal_msp.c **** 
 116:Src/stm32f4xx_hal_msp.c **** }
 129              		.loc 1 116 1 view .LVU20
 130 0018 09B0     		add	sp, sp, #36
 131              	.LCFI5:
 132              		.cfi_remember_state
 133              		.cfi_def_cfa_offset 4
 134              		@ sp needed
 135 001a 5DF804FB 		ldr	pc, [sp], #4
 136              	.LVL3:
 137              	.L8:
 138              	.LCFI6:
 139              		.cfi_restore_state
  97:Src/stm32f4xx_hal_msp.c ****   
 140              		.loc 1 97 5 is_stmt 1 view .LVU21
 141              	.LBB4:
  97:Src/stm32f4xx_hal_msp.c ****   
 142              		.loc 1 97 5 view .LVU22
 143 001e 0021     		movs	r1, #0
 144 0020 0191     		str	r1, [sp, #4]
  97:Src/stm32f4xx_hal_msp.c ****   
 145              		.loc 1 97 5 view .LVU23
 146 0022 03F5FA33 		add	r3, r3, #128000
 147 0026 1A6C     		ldr	r2, [r3, #64]
 148 0028 42F40032 		orr	r2, r2, #131072
 149 002c 1A64     		str	r2, [r3, #64]
  97:Src/stm32f4xx_hal_msp.c ****   
 150              		.loc 1 97 5 view .LVU24
 151 002e 1A6C     		ldr	r2, [r3, #64]
 152 0030 02F40032 		and	r2, r2, #131072
 153 0034 0192     		str	r2, [sp, #4]
  97:Src/stm32f4xx_hal_msp.c ****   
 154              		.loc 1 97 5 view .LVU25
 155 0036 019A     		ldr	r2, [sp, #4]
 156              	.LBE4:
  99:Src/stm32f4xx_hal_msp.c ****     /**USART2 GPIO Configuration    
 157              		.loc 1 99 5 view .LVU26
 158              	.LBB5:
  99:Src/stm32f4xx_hal_msp.c ****     /**USART2 GPIO Configuration    
 159              		.loc 1 99 5 view .LVU27
 160 0038 0291     		str	r1, [sp, #8]
  99:Src/stm32f4xx_hal_msp.c ****     /**USART2 GPIO Configuration    
 161              		.loc 1 99 5 view .LVU28
 162 003a 1A6B     		ldr	r2, [r3, #48]
 163 003c 42F00102 		orr	r2, r2, #1
 164 0040 1A63     		str	r2, [r3, #48]
ARM GAS  /tmp/ccwdDaov.s 			page 6


  99:Src/stm32f4xx_hal_msp.c ****     /**USART2 GPIO Configuration    
 165              		.loc 1 99 5 view .LVU29
 166 0042 1B6B     		ldr	r3, [r3, #48]
 167 0044 03F00103 		and	r3, r3, #1
 168 0048 0293     		str	r3, [sp, #8]
  99:Src/stm32f4xx_hal_msp.c ****     /**USART2 GPIO Configuration    
 169              		.loc 1 99 5 view .LVU30
 170 004a 029B     		ldr	r3, [sp, #8]
 171              	.LBE5:
 104:Src/stm32f4xx_hal_msp.c ****     GPIO_InitStruct.Mode = GPIO_MODE_AF_PP;
 172              		.loc 1 104 5 view .LVU31
 104:Src/stm32f4xx_hal_msp.c ****     GPIO_InitStruct.Mode = GPIO_MODE_AF_PP;
 173              		.loc 1 104 25 is_stmt 0 view .LVU32
 174 004c 0C23     		movs	r3, #12
 175 004e 0393     		str	r3, [sp, #12]
 105:Src/stm32f4xx_hal_msp.c ****     GPIO_InitStruct.Pull = GPIO_NOPULL;
 176              		.loc 1 105 5 is_stmt 1 view .LVU33
 105:Src/stm32f4xx_hal_msp.c ****     GPIO_InitStruct.Pull = GPIO_NOPULL;
 177              		.loc 1 105 26 is_stmt 0 view .LVU34
 178 0050 0223     		movs	r3, #2
 179 0052 0493     		str	r3, [sp, #16]
 106:Src/stm32f4xx_hal_msp.c ****     GPIO_InitStruct.Speed = GPIO_SPEED_FREQ_LOW;
 180              		.loc 1 106 5 is_stmt 1 view .LVU35
 107:Src/stm32f4xx_hal_msp.c ****     GPIO_InitStruct.Alternate = GPIO_AF7_USART2;
 181              		.loc 1 107 5 view .LVU36
 108:Src/stm32f4xx_hal_msp.c ****     HAL_GPIO_Init(GPIOA, &GPIO_InitStruct);
 182              		.loc 1 108 5 view .LVU37
 108:Src/stm32f4xx_hal_msp.c ****     HAL_GPIO_Init(GPIOA, &GPIO_InitStruct);
 183              		.loc 1 108 31 is_stmt 0 view .LVU38
 184 0054 0723     		movs	r3, #7
 185 0056 0793     		str	r3, [sp, #28]
 109:Src/stm32f4xx_hal_msp.c **** 
 186              		.loc 1 109 5 is_stmt 1 view .LVU39
 187 0058 03A9     		add	r1, sp, #12
 188 005a 0348     		ldr	r0, .L9+4
 189              	.LVL4:
 109:Src/stm32f4xx_hal_msp.c **** 
 190              		.loc 1 109 5 is_stmt 0 view .LVU40
 191 005c FFF7FEFF 		bl	HAL_GPIO_Init
 192              	.LVL5:
 193              		.loc 1 116 1 view .LVU41
 194 0060 DAE7     		b	.L5
 195              	.L10:
 196 0062 00BF     		.align	2
 197              	.L9:
 198 0064 00440040 		.word	1073759232
 199 0068 00000240 		.word	1073872896
 200              		.cfi_endproc
 201              	.LFE131:
 203              		.section	.text.HAL_UART_MspDeInit,"ax",%progbits
 204              		.align	1
 205              		.global	HAL_UART_MspDeInit
 206              		.syntax unified
 207              		.thumb
 208              		.thumb_func
 209              		.fpu fpv4-sp-d16
 211              	HAL_UART_MspDeInit:
ARM GAS  /tmp/ccwdDaov.s 			page 7


 212              	.LVL6:
 213              	.LFB132:
 117:Src/stm32f4xx_hal_msp.c **** 
 118:Src/stm32f4xx_hal_msp.c **** /**
 119:Src/stm32f4xx_hal_msp.c **** * @brief UART MSP De-Initialization
 120:Src/stm32f4xx_hal_msp.c **** * This function freeze the hardware resources used in this example
 121:Src/stm32f4xx_hal_msp.c **** * @param huart: UART handle pointer
 122:Src/stm32f4xx_hal_msp.c **** * @retval None
 123:Src/stm32f4xx_hal_msp.c **** */
 124:Src/stm32f4xx_hal_msp.c **** void HAL_UART_MspDeInit(UART_HandleTypeDef* huart)
 125:Src/stm32f4xx_hal_msp.c **** {
 214              		.loc 1 125 1 is_stmt 1 view -0
 215              		.cfi_startproc
 216              		@ args = 0, pretend = 0, frame = 0
 217              		@ frame_needed = 0, uses_anonymous_args = 0
 218              		.loc 1 125 1 is_stmt 0 view .LVU43
 219 0000 08B5     		push	{r3, lr}
 220              	.LCFI7:
 221              		.cfi_def_cfa_offset 8
 222              		.cfi_offset 3, -8
 223              		.cfi_offset 14, -4
 126:Src/stm32f4xx_hal_msp.c ****   if(huart->Instance==USART2)
 224              		.loc 1 126 3 is_stmt 1 view .LVU44
 225              		.loc 1 126 11 is_stmt 0 view .LVU45
 226 0002 0268     		ldr	r2, [r0]
 227              		.loc 1 126 5 view .LVU46
 228 0004 064B     		ldr	r3, .L15
 229 0006 9A42     		cmp	r2, r3
 230 0008 00D0     		beq	.L14
 231              	.LVL7:
 232              	.L11:
 127:Src/stm32f4xx_hal_msp.c ****   {
 128:Src/stm32f4xx_hal_msp.c ****   /* USER CODE BEGIN USART2_MspDeInit 0 */
 129:Src/stm32f4xx_hal_msp.c **** 
 130:Src/stm32f4xx_hal_msp.c ****   /* USER CODE END USART2_MspDeInit 0 */
 131:Src/stm32f4xx_hal_msp.c ****     /* Peripheral clock disable */
 132:Src/stm32f4xx_hal_msp.c ****     __HAL_RCC_USART2_CLK_DISABLE();
 133:Src/stm32f4xx_hal_msp.c ****   
 134:Src/stm32f4xx_hal_msp.c ****     /**USART2 GPIO Configuration    
 135:Src/stm32f4xx_hal_msp.c ****     PA2     ------> USART2_TX
 136:Src/stm32f4xx_hal_msp.c ****     PA3     ------> USART2_RX 
 137:Src/stm32f4xx_hal_msp.c ****     */
 138:Src/stm32f4xx_hal_msp.c ****     HAL_GPIO_DeInit(GPIOA, USART_TX_Pin|USART_RX_Pin);
 139:Src/stm32f4xx_hal_msp.c **** 
 140:Src/stm32f4xx_hal_msp.c ****   /* USER CODE BEGIN USART2_MspDeInit 1 */
 141:Src/stm32f4xx_hal_msp.c **** 
 142:Src/stm32f4xx_hal_msp.c ****   /* USER CODE END USART2_MspDeInit 1 */
 143:Src/stm32f4xx_hal_msp.c ****   }
 144:Src/stm32f4xx_hal_msp.c **** 
 145:Src/stm32f4xx_hal_msp.c **** }
 233              		.loc 1 145 1 view .LVU47
 234 000a 08BD     		pop	{r3, pc}
 235              	.LVL8:
 236              	.L14:
 132:Src/stm32f4xx_hal_msp.c ****   
 237              		.loc 1 132 5 is_stmt 1 view .LVU48
 238 000c 054A     		ldr	r2, .L15+4
ARM GAS  /tmp/ccwdDaov.s 			page 8


 239 000e 136C     		ldr	r3, [r2, #64]
 240 0010 23F40033 		bic	r3, r3, #131072
 241 0014 1364     		str	r3, [r2, #64]
 138:Src/stm32f4xx_hal_msp.c **** 
 242              		.loc 1 138 5 view .LVU49
 243 0016 0C21     		movs	r1, #12
 244 0018 0348     		ldr	r0, .L15+8
 245              	.LVL9:
 138:Src/stm32f4xx_hal_msp.c **** 
 246              		.loc 1 138 5 is_stmt 0 view .LVU50
 247 001a FFF7FEFF 		bl	HAL_GPIO_DeInit
 248              	.LVL10:
 249              		.loc 1 145 1 view .LVU51
 250 001e F4E7     		b	.L11
 251              	.L16:
 252              		.align	2
 253              	.L15:
 254 0020 00440040 		.word	1073759232
 255 0024 00380240 		.word	1073887232
 256 0028 00000240 		.word	1073872896
 257              		.cfi_endproc
 258              	.LFE132:
 260              		.text
 261              	.Letext0:
 262              		.file 2 "/usr/arm-none-eabi/include/machine/_default_types.h"
 263              		.file 3 "/usr/arm-none-eabi/include/sys/_stdint.h"
 264              		.file 4 "Drivers/CMSIS/Include/core_cm4.h"
 265              		.file 5 "Drivers/CMSIS/Device/ST/STM32F4xx/Include/system_stm32f4xx.h"
 266              		.file 6 "Drivers/CMSIS/Device/ST/STM32F4xx/Include/stm32f401xe.h"
 267              		.file 7 "Drivers/STM32F4xx_HAL_Driver/Inc/stm32f4xx_hal_def.h"
 268              		.file 8 "Drivers/STM32F4xx_HAL_Driver/Inc/stm32f4xx_hal_gpio.h"
 269              		.file 9 "Drivers/STM32F4xx_HAL_Driver/Inc/stm32f4xx_hal_dma.h"
 270              		.file 10 "Drivers/STM32F4xx_HAL_Driver/Inc/stm32f4xx_hal_uart.h"
 271              		.file 11 "Drivers/STM32F4xx_HAL_Driver/Inc/stm32f4xx_hal_cortex.h"
ARM GAS  /tmp/ccwdDaov.s 			page 9


DEFINED SYMBOLS
                            *ABS*:0000000000000000 stm32f4xx_hal_msp.c
     /tmp/ccwdDaov.s:18     .text.HAL_MspInit:0000000000000000 $t
     /tmp/ccwdDaov.s:26     .text.HAL_MspInit:0000000000000000 HAL_MspInit
     /tmp/ccwdDaov.s:85     .text.HAL_MspInit:000000000000003c $d
     /tmp/ccwdDaov.s:90     .text.HAL_UART_MspInit:0000000000000000 $t
     /tmp/ccwdDaov.s:97     .text.HAL_UART_MspInit:0000000000000000 HAL_UART_MspInit
     /tmp/ccwdDaov.s:198    .text.HAL_UART_MspInit:0000000000000064 $d
     /tmp/ccwdDaov.s:204    .text.HAL_UART_MspDeInit:0000000000000000 $t
     /tmp/ccwdDaov.s:211    .text.HAL_UART_MspDeInit:0000000000000000 HAL_UART_MspDeInit
     /tmp/ccwdDaov.s:254    .text.HAL_UART_MspDeInit:0000000000000020 $d

UNDEFINED SYMBOLS
HAL_NVIC_SetPriorityGrouping
HAL_GPIO_Init
HAL_GPIO_DeInit
